nohup: ignoring input
【文件读取】
【数据预处理】
【创建网络】
#网络结构表单:(仅展示权值最大的10条边)
+-------+-------------------+----------------+--------+
| index |       Node1       |     Node2      | Weight |
+-------+-------------------+----------------+--------+
|   1   |    Djenouri, Y    |    Lin, JCW    |   20   |
|   2   |      Lin, JCW     | Srivastava, G  |   19   |
|   3   |    Nguyen, LTT    |     Vo, B      |   19   |
|   4   | Fournier-Viger, P |    Lin, JCW    |   17   |
|   5   |      Lin, JCW     |     Yun, U     |   16   |
|   6   |       Vo, B       |     Yun, U     |   13   |
|   7   |      Abdar, M     |  Acharya, UR   |   12   |
|   8   |     Baralic, K    | Dukic-Cosic, D |   11   |
|   9   |      Lin, JCW     |    Wu, JMT     |   11   |
|   10  |      Lin, WC      |    Tsai, CF    |   11   |
+-------+-------------------+----------------+--------+
【网络整体评价】
网络节点数: 5420
网络边数: 10483
网络密度: 0.0007138338591357864
网络是否为连通图: False
【网络分析】
#页面排名中心性表格:(仅展示前十名节点的页面排名中心性)
+-------+----------+-----------------------+
| index |  Author  |  PageRank Centrality  |
+-------+----------+-----------------------+
|   1   | Zhang, Y |  0.002289698278117378 |
|   2   | Wang, Y  |  0.002062986240409847 |
|   3   |  Li, J   | 0.0020145009735345718 |
|   4   |  Liu, Y  |  0.001857124948671668 |
|   5   | Wang, J  | 0.0018014679715253185 |
|   6   | Lin, JCW | 0.0017074335570278127 |
|   7   | Zhang, L | 0.0014029801409395528 |
|   8   | Zhang, J | 0.0013794717839615551 |
|   9   | Wang, H  | 0.0013265322620810843 |
|   10  |  Liu, J  | 0.0013111435162283685 |
+-------+----------+-----------------------+
#点度中心性表格:(仅展示前十名节点的点度中心性)
+-------+----------+----------------------+
| index |  Author  |  Degree Centrality   |
+-------+----------+----------------------+
|   1   | Wang, Y  | 0.014393799594021038 |
|   2   | Zhang, Y | 0.013655656025096882 |
|   3   |  Liu, Y  | 0.013102048348403764 |
|   4   |  Li, J   | 0.011441225318324415 |
|   5   | Wang, J  | 0.009595866396014025 |
|   6   | Wang, H  | 0.009411330503782987 |
|   7   | Zhang, J | 0.008488651042627792 |
|   8   | Zhang, L | 0.008304115150396751 |
|   9   | Yang, J  | 0.007935043365934674 |
|   10  |  Li, HL  | 0.007750507473703636 |
+-------+----------+----------------------+
#中间中心性表格:(仅展示前十名节点的中间中心性)
+-------+----------+------------------------+
| index |  Author  | Betweenness Centrality |
+-------+----------+------------------------+
|   1   | Wang, Y  |  0.04486188800074117   |
|   2   |  Li, J   |  0.03466888313254917   |
|   3   | Zhang, Y |  0.026719379938087172  |
|   4   | Zhang, J |  0.02308782737117969   |
|   5   |  Liu, Y  |  0.019665636854606323  |
|   6   | Wang, J  |  0.01854895963329002   |
|   7   | Lin, JCW |  0.013729268318353534  |
|   8   | Zhang, L |  0.01296550011933399   |
|   9   | Bui, DT  |  0.011914694792017722  |
|   10  | Yang, Y  |  0.011685823815738697  |
+-------+----------+------------------------+
#接近中心性表格:(仅展示前十名节点的接近中心性)
+-------+----------+----------------------+
| index |  Author  | Closeness Centrality |
+-------+----------+----------------------+
|   1   | Wang, Y  |  0.1312527481610203  |
|   2   |  Li, J   | 0.12851630381623574  |
|   3   | Zhang, Y | 0.12759307698984368  |
|   4   | Wang, J  | 0.12357570062707385  |
|   5   |  Liu, Y  | 0.12296666760356563  |
|   6   | Zhang, L | 0.12138560654669134  |
|   7   | Yang, J  | 0.12036778558667427  |
|   8   | Yang, Y  | 0.11857003183045782  |
|   9   |  Liu, J  | 0.11576689585921192  |
|   10  | Xiao, F  | 0.11407815603283107  |
+-------+----------+----------------------+
#创新者表格:(仅展示前十名创新者以及它们的三次创新内容)
+-------+----------+------------------+-----------------------------------------------------------------------------------------------------+
| index |  Author  | Innovation Times |                                          Innovation Detail                                          |
+-------+----------+------------------+-----------------------------------------------------------------------------------------------------+
|   1   |  Li, X   |        97        |        [('pattern classification', 2019), ('lung-cancer', 2019), ('chemical industry', 2021)]       |
|   2   | Wang, Y  |        81        |     [('differential evolution', 2019), ('anomaly detection', 2019), ('geometry feature', 2021)]     |
|   3   | Zhang, L |        69        |         [('crystal-structure', 2019), ('pattern discovery', 2019), ('product design', 2019)]        |
|   4   | Yang, Y  |        68        |       [('hospitals', 2019), ('respiratory disease', 2022), ('scientometrics analysis', 2022)]       |
|   5   |  Li, Y   |        65        |              [('areas', 2019), ('numerical models', 2021), ('cluster analysis', 2019)]              |
|   6   |  Li, J   |        62        |                     [('cdk6', 2022), ('automation', 2019), ('effica cy', 2022)]                     |
|   7   | Wang, L  |        56        |      [('women', 2019), ('methylation', 2019), ('adaptive maternal qrs removal (aqrsr)', 2022)]      |
|   8   | Wang, J  |        56        | [('spectral clustering', 2019), ('nonnegative matrix factorization', 2019), ('glioblastoma', 2019)] |
|   9   |  Li, H   |        55        |             [('energy', 2019), ('fabrication', 2019), ('concept knowledge base', 2022)]             |
|   10  |  Liu, J  |        55        |                 [('nox emission', 2019), ('strategy', 2019), ('metabolites', 2019)]                 |
+-------+----------+------------------+-----------------------------------------------------------------------------------------------------+
#分析结果如下:
[PageRank Centrality]影响力最大的人/单位: Zhang, Y -> PageRank Centrality值: 0.002289698278117378
[Degree Centrality]影响力最大的人/单位: Wang, Y -> Degree Centrality值: 0.014393799594021038
[Betweenness Centrality]主要传播的人/单位: Wang, Y -> Betweenness Centrality值: 0.04486188800074117
[Closeness Centrality]主要传播的人/单位: Wang, Y -> BCloseness Centrality值: 0.1312527481610203
[Innovation Times]最主要创新者/单位: Li, X -> 创新次数: 97
