nohup: ignoring input
【文件读取】
【数据预处理】
【创建网络】
#网络结构表单:(仅展示权值最大的10条边)
+-------+-------------------+----------------+--------+
| index |       Node1       |     Node2      | Weight |
+-------+-------------------+----------------+--------+
|   1   |    Djenouri, Y    |    Lin, JCW    |   20   |
|   2   |      Lin, JCW     | Srivastava, G  |   19   |
|   3   |    Nguyen, LTT    |     Vo, B      |   19   |
|   4   | Fournier-Viger, P |    Lin, JCW    |   17   |
|   5   |      Lin, JCW     |     Yun, U     |   16   |
|   6   |       Vo, B       |     Yun, U     |   13   |
|   7   |      Abdar, M     |  Acharya, UR   |   12   |
|   8   |     Baralic, K    | Dukic-Cosic, D |   11   |
|   9   |      Lin, JCW     |    Wu, JMT     |   11   |
|   10  |      Lin, WC      |    Tsai, CF    |   11   |
+-------+-------------------+----------------+--------+
【网络整体评价】
网络节点数: 145
网络边数: 165
网络密度: 0.015804597701149427
网络是否为连通图: False
【网络分析】
#页面排名中心性表格:(仅展示前十名节点的页面排名中心性)
+-------+-------------------+----------------------+
| index |       Author      | PageRank Centrality  |
+-------+-------------------+----------------------+
|   1   |      Lin, JCW     | 0.03231927819981238  |
|   2   |       Yun, U      | 0.019999682126276234 |
|   3   |       Vo, B       | 0.013678680790616649 |
|   4   |      Zhu, CY      | 0.01324942635368821  |
|   5   |       Qiu, L      | 0.012185662474902869 |
|   6   |     Shahabi, H    | 0.010526324965281397 |
|   7   |  Pourghasemi, HR  | 0.010419708965531797 |
|   8   |      Chen, HM     | 0.010072989038913077 |
|   9   |      Chung, K     | 0.010072989038913072 |
|   10  | Fournier-Viger, P | 0.009570654120026173 |
+-------+-------------------+----------------------+
#点度中心性表格:(仅展示前十名节点的点度中心性)
+-------+----------------+----------------------+
| index |     Author     |  Degree Centrality   |
+-------+----------------+----------------------+
|   1   |    Lin, JCW    |  0.1111111111111111  |
|   2   |     Yun, U     | 0.06944444444444445  |
|   3   | Antonijevic, B | 0.048611111111111105 |
|   4   |   Baralic, K   | 0.048611111111111105 |
|   5   |   Curcic, M    | 0.048611111111111105 |
|   6   | Djordjevic, AB | 0.048611111111111105 |
|   7   | Dukic-Cosic, D | 0.048611111111111105 |
|   8   | Zivancevic, K  | 0.048611111111111105 |
|   9   |    Bulat, Z    | 0.041666666666666664 |
|   10  | Miljakovic, EA | 0.041666666666666664 |
+-------+----------------+----------------------+
#中间中心性表格:(仅展示前十名节点的中间中心性)
+-------+-------------------+------------------------+
| index |       Author      | Betweenness Centrality |
+-------+-------------------+------------------------+
|   1   |      Lin, JCW     |  0.017255892255892254  |
|   2   |       Yun, U      |  0.010740416990416992  |
|   3   |       Vo, B       |  0.006604506604506604  |
|   4   |     Truong, T     |  0.004467754467754468  |
|   5   | Fournier-Viger, P | 0.0023552836052836055  |
|   6   |       Qiu, L      | 0.0004856254856254856  |
|   7   |      Zhu, CY      | 0.0002913752913752914  |
|   8   |      Green, A     | 0.00019425019425019425 |
|   9   |  Pourghasemi, HR  | 0.00019425019425019425 |
|   10  |     Shahabi, H    | 0.00019425019425019425 |
+-------+-------------------+------------------------+
#接近中心性表格:(仅展示前十名节点的接近中心性)
+-------+-------------------+----------------------+
| index |       Author      | Closeness Centrality |
+-------+-------------------+----------------------+
|   1   |      Lin, JCW     | 0.12056327160493827  |
|   2   |       Yun, U      | 0.10850694444444445  |
|   3   |       Vo, B       |  0.0943538647342995  |
|   4   | Fournier-Viger, P |  0.0904224537037037  |
|   5   |       Kim, H      |  0.0904224537037037  |
|   6   |       Ryu, T      | 0.08346688034188034  |
|   7   |       Lee, C      | 0.08189203354297694  |
|   8   |      Gan, WS      | 0.08037551440329217  |
|   9   |       Yu, PS      | 0.08037551440329217  |
|   10  |    Djenouri, Y    | 0.07614522417153996  |
+-------+-------------------+----------------------+
#创新者表格:(仅展示前十名创新者以及它们的三次创新内容)
+-------+----------+------------------+-----------------------------------------------------------------------------------------------------+
| index |  Author  | Innovation Times |                                          Innovation Detail                                          |
+-------+----------+------------------+-----------------------------------------------------------------------------------------------------+
|   1   |  Li, X   |        97        |        [('pattern classification', 2019), ('lung-cancer', 2019), ('chemical industry', 2021)]       |
|   2   | Wang, Y  |        81        |     [('differential evolution', 2019), ('anomaly detection', 2019), ('geometry feature', 2021)]     |
|   3   | Zhang, L |        69        |         [('crystal-structure', 2019), ('pattern discovery', 2019), ('product design', 2019)]        |
|   4   | Yang, Y  |        68        |       [('hospitals', 2019), ('respiratory disease', 2022), ('scientometrics analysis', 2022)]       |
|   5   |  Li, Y   |        65        |              [('areas', 2019), ('numerical models', 2021), ('cluster analysis', 2019)]              |
|   6   |  Li, J   |        62        |                     [('cdk6', 2022), ('automation', 2019), ('effica cy', 2022)]                     |
|   7   | Wang, L  |        56        |      [('women', 2019), ('methylation', 2019), ('adaptive maternal qrs removal (aqrsr)', 2022)]      |
|   8   | Wang, J  |        56        | [('spectral clustering', 2019), ('nonnegative matrix factorization', 2019), ('glioblastoma', 2019)] |
|   9   |  Li, H   |        55        |             [('energy', 2019), ('fabrication', 2019), ('concept knowledge base', 2022)]             |
|   10  |  Liu, J  |        55        |                 [('nox emission', 2019), ('strategy', 2019), ('metabolites', 2019)]                 |
+-------+----------+------------------+-----------------------------------------------------------------------------------------------------+
#分析结果如下:
[PageRank Centrality]影响力最大的人/单位: Lin, JCW -> PageRank Centrality值: 0.03231927819981238
[Degree Centrality]影响力最大的人/单位: Lin, JCW -> Degree Centrality值: 0.1111111111111111
[Betweenness Centrality]主要传播的人/单位: Lin, JCW -> Betweenness Centrality值: 0.017255892255892254
[Closeness Centrality]主要传播的人/单位: Lin, JCW -> BCloseness Centrality值: 0.12056327160493827
[Innovation Times]最主要创新者/单位: Li, X -> 创新次数: 97
