nohup: ignoring input
【文件读取】
【数据预处理】
【创建网络】
#网络结构表单:(仅展示权值最大的10条边)
+-------+-------------------+----------------+--------+
| index |       Node1       |     Node2      | Weight |
+-------+-------------------+----------------+--------+
|   1   |    Djenouri, Y    |    Lin, JCW    |   20   |
|   2   |      Lin, JCW     | Srivastava, G  |   19   |
|   3   |    Nguyen, LTT    |     Vo, B      |   19   |
|   4   | Fournier-Viger, P |    Lin, JCW    |   17   |
|   5   |      Lin, JCW     |     Yun, U     |   16   |
|   6   |       Vo, B       |     Yun, U     |   13   |
|   7   |      Abdar, M     |  Acharya, UR   |   12   |
|   8   |     Baralic, K    | Dukic-Cosic, D |   11   |
|   9   |      Lin, JCW     |    Wu, JMT     |   11   |
|   10  |      Lin, WC      |    Tsai, CF    |   11   |
+-------+-------------------+----------------+--------+
【网络整体评价】
网络节点数: 90
网络边数: 101
网络密度: 0.025218476903870163
网络是否为连通图: False
【网络分析】
#页面排名中心性表格:(仅展示前十名节点的页面排名中心性)
+-------+-----------------+----------------------+
| index |      Author     | PageRank Centrality  |
+-------+-----------------+----------------------+
|   1   |     Lin, JCW    | 0.039996968176078396 |
|   2   |      Yun, U     | 0.02148954483163784  |
|   3   |      Qiu, L     | 0.01908793114336915  |
|   4   |     Chung, K    | 0.016219619172304627 |
|   5   |     Haut, JM    | 0.016219619172304627 |
|   6   |      Li, W      | 0.016219619172304627 |
|   7   |     Pal, SC     | 0.016219619172304627 |
|   8   | Pourghasemi, HR | 0.016219619172304627 |
|   9   |     Syed, K     | 0.016219619172304627 |
|   10  |      Vo, B      | 0.014905967326364454 |
+-------+-----------------+----------------------+
#点度中心性表格:(仅展示前十名节点的点度中心性)
+-------+----------------+----------------------+
| index |     Author     |  Degree Centrality   |
+-------+----------------+----------------------+
|   1   |    Lin, JCW    | 0.11235955056179775  |
|   2   | Antonijevic, B | 0.07865168539325842  |
|   3   |   Baralic, K   | 0.07865168539325842  |
|   4   | Djordjevic, AB | 0.07865168539325842  |
|   5   | Dukic-Cosic, D | 0.07865168539325842  |
|   6   | Zivancevic, K  | 0.07865168539325842  |
|   7   |    Bulat, Z    | 0.06741573033707865  |
|   8   |   Curcic, M    | 0.06741573033707865  |
|   9   |     Yun, U     | 0.06741573033707865  |
|   10  | Miljakovic, EA | 0.056179775280898875 |
+-------+----------------+----------------------+
#中间中心性表格:(仅展示前十名节点的中间中心性)
+-------+---------------+------------------------+
| index |     Author    | Betweenness Centrality |
+-------+---------------+------------------------+
|   1   |    Lin, JCW   |  0.02489785495403473   |
|   2   |     Yun, U    |  0.01570480081716037   |
|   3   |     Vo, B     |  0.007660878447395302  |
|   4   |     Yu, PS    |  0.007660878447395302  |
|   5   |    Gan, WS    | 0.0040858018386108275  |
|   6   |     Kim, H    | 0.0012768130745658835  |
|   7   |     Qiu, L    | 0.0008937691521961185  |
|   8   |  Djenouri, Y  | 0.0003830439223697651  |
|   9   | Srivastava, G | 0.0003830439223697651  |
|   10  |    Chung, K   | 0.0002553626149131767  |
+-------+---------------+------------------------+
#接近中心性表格:(仅展示前十名节点的接近中心性)
+-------+-------------------+----------------------+
| index |       Author      | Closeness Centrality |
+-------+-------------------+----------------------+
|   1   |      Lin, JCW     | 0.12026633374947981  |
|   2   |       Yun, U      |  0.1047480971366437  |
|   3   |       Kim, H      | 0.09019975031210986  |
|   4   | Fournier-Viger, P | 0.08776191922259338  |
|   5   |       Yu, PS      | 0.08326130798040911  |
|   6   |    Djenouri, Y    | 0.08117977528089887  |
|   7   |   Srivastava, G   | 0.08117977528089887  |
|   8   |   Antonijevic, B  | 0.07865168539325842  |
|   9   |     Baralic, K    | 0.07865168539325842  |
|   10  |   Djordjevic, AB  | 0.07865168539325842  |
+-------+-------------------+----------------------+
#创新者表格:(仅展示前十名创新者以及它们的三次创新内容)
+-------+----------+------------------+-----------------------------------------------------------------------------------------------------+
| index |  Author  | Innovation Times |                                          Innovation Detail                                          |
+-------+----------+------------------+-----------------------------------------------------------------------------------------------------+
|   1   |  Li, X   |        97        |        [('pattern classification', 2019), ('lung-cancer', 2019), ('chemical industry', 2021)]       |
|   2   | Wang, Y  |        81        |     [('differential evolution', 2019), ('anomaly detection', 2019), ('geometry feature', 2021)]     |
|   3   | Zhang, L |        69        |         [('crystal-structure', 2019), ('pattern discovery', 2019), ('product design', 2019)]        |
|   4   | Yang, Y  |        68        |       [('hospitals', 2019), ('respiratory disease', 2022), ('scientometrics analysis', 2022)]       |
|   5   |  Li, Y   |        65        |              [('areas', 2019), ('numerical models', 2021), ('cluster analysis', 2019)]              |
|   6   |  Li, J   |        62        |                     [('cdk6', 2022), ('automation', 2019), ('effica cy', 2022)]                     |
|   7   | Wang, L  |        56        |      [('women', 2019), ('methylation', 2019), ('adaptive maternal qrs removal (aqrsr)', 2022)]      |
|   8   | Wang, J  |        56        | [('spectral clustering', 2019), ('nonnegative matrix factorization', 2019), ('glioblastoma', 2019)] |
|   9   |  Li, H   |        55        |             [('energy', 2019), ('fabrication', 2019), ('concept knowledge base', 2022)]             |
|   10  |  Liu, J  |        55        |                 [('nox emission', 2019), ('strategy', 2019), ('metabolites', 2019)]                 |
+-------+----------+------------------+-----------------------------------------------------------------------------------------------------+
#分析结果如下:
[PageRank Centrality]影响力最大的人/单位: Lin, JCW -> PageRank Centrality值: 0.039996968176078396
[Degree Centrality]影响力最大的人/单位: Lin, JCW -> Degree Centrality值: 0.11235955056179775
[Betweenness Centrality]主要传播的人/单位: Lin, JCW -> Betweenness Centrality值: 0.02489785495403473
[Closeness Centrality]主要传播的人/单位: Lin, JCW -> BCloseness Centrality值: 0.12026633374947981
[Innovation Times]最主要创新者/单位: Li, X -> 创新次数: 97
