nohup: ignoring input
【文件读取】
【数据预处理】
【创建网络】
#网络结构表单:(仅展示权值最大的10条边)
+-------+-------------------+----------------+--------+
| index |       Node1       |     Node2      | Weight |
+-------+-------------------+----------------+--------+
|   1   |    Djenouri, Y    |    Lin, JCW    |   20   |
|   2   |      Lin, JCW     | Srivastava, G  |   19   |
|   3   |    Nguyen, LTT    |     Vo, B      |   19   |
|   4   | Fournier-Viger, P |    Lin, JCW    |   17   |
|   5   |      Lin, JCW     |     Yun, U     |   16   |
|   6   |       Vo, B       |     Yun, U     |   13   |
|   7   |      Abdar, M     |  Acharya, UR   |   12   |
|   8   |     Baralic, K    | Dukic-Cosic, D |   11   |
|   9   |      Lin, JCW     |    Wu, JMT     |   11   |
|   10  |      Lin, WC      |    Tsai, CF    |   11   |
+-------+-------------------+----------------+--------+
【网络整体评价】
网络节点数: 24
网络边数: 27
网络密度: 0.09782608695652174
网络是否为连通图: False
【网络分析】
#页面排名中心性表格:(仅展示前十名节点的页面排名中心性)
+-------+----------------+----------------------+
| index |     Author     | PageRank Centrality  |
+-------+----------------+----------------------+
|   1   |    Lin, JCW    | 0.11045228821438173  |
|   2   |     Qiu, L     | 0.06081332314188417  |
|   3   |     Vo, B      | 0.05629247184829285  |
|   4   |   Baralic, K   | 0.049985098177155206 |
|   5   | Dukic-Cosic, D | 0.048227695825629226 |
|   6   | Antonijevic, B | 0.04646343315979028  |
|   7   |    Abdar, M    | 0.041666666666666664 |
|   8   |  Acharya, UR   | 0.041666666666666664 |
|   9   |    Lin, WC     | 0.041666666666666664 |
|   10  |   Shahabi, H   | 0.041666666666666664 |
+-------+----------------+----------------------+
#点度中心性表格:(仅展示前十名节点的点度中心性)
+-------+----------------+---------------------+
| index |     Author     |  Degree Centrality  |
+-------+----------------+---------------------+
|   1   | Antonijevic, B | 0.21739130434782608 |
|   2   |   Baralic, K   | 0.21739130434782608 |
|   3   | Dukic-Cosic, D | 0.21739130434782608 |
|   4   |    Lin, JCW    | 0.21739130434782608 |
|   5   |   Curcic, M    | 0.17391304347826086 |
|   6   | Djordjevic, AB | 0.17391304347826086 |
|   7   |     Vo, B      | 0.13043478260869565 |
|   8   | Zivancevic, K  | 0.13043478260869565 |
|   9   |  Nguyen, LTT   | 0.08695652173913043 |
|   10  |  Nguyen, TDD   | 0.08695652173913043 |
+-------+----------------+---------------------+
#中间中心性表格:(仅展示前十名节点的中间中心性)
+-------+----------------+------------------------+
| index |     Author     | Betweenness Centrality |
+-------+----------------+------------------------+
|   1   |    Lin, JCW    |  0.08695652173913043   |
|   2   |     Yun, U     |  0.05928853754940711   |
|   3   |     Vo, B      |  0.04743083003952569   |
|   4   |     Qiu, L     |  0.003952569169960474  |
|   5   | Antonijevic, B | 0.0026350461133069825  |
|   6   |   Baralic, K   | 0.0026350461133069825  |
|   7   | Dukic-Cosic, D | 0.0026350461133069825  |
|   8   |    Abdar, M    |          0.0           |
|   9   |  Acharya, UR   |          0.0           |
|   10  |   Cheng, XQ    |          0.0           |
+-------+----------------+------------------------+
#接近中心性表格:(仅展示前十名节点的接近中心性)
+-------+----------------+----------------------+
| index |     Author     | Closeness Centrality |
+-------+----------------+----------------------+
|   1   | Antonijevic, B | 0.21739130434782608  |
|   2   |   Baralic, K   | 0.21739130434782608  |
|   3   | Dukic-Cosic, D | 0.21739130434782608  |
|   4   |    Lin, JCW    |  0.2140468227424749  |
|   5   |     Yun, U     | 0.19875776397515527  |
|   6   |   Curcic, M    | 0.18115942028985507  |
|   7   | Djordjevic, AB | 0.18115942028985507  |
|   8   |     Vo, B      | 0.16368286445012786  |
|   9   | Zivancevic, K  | 0.15527950310559005  |
|   10  |  Djenouri, Y   |  0.1391304347826087  |
+-------+----------------+----------------------+
#创新者表格:(仅展示前十名创新者以及它们的三次创新内容)
+-------+----------+------------------+-----------------------------------------------------------------------------------------------------+
| index |  Author  | Innovation Times |                                          Innovation Detail                                          |
+-------+----------+------------------+-----------------------------------------------------------------------------------------------------+
|   1   |  Li, X   |        97        |        [('pattern classification', 2019), ('lung-cancer', 2019), ('chemical industry', 2021)]       |
|   2   | Wang, Y  |        81        |     [('differential evolution', 2019), ('anomaly detection', 2019), ('geometry feature', 2021)]     |
|   3   | Zhang, L |        69        |         [('crystal-structure', 2019), ('pattern discovery', 2019), ('product design', 2019)]        |
|   4   | Yang, Y  |        68        |       [('hospitals', 2019), ('respiratory disease', 2022), ('scientometrics analysis', 2022)]       |
|   5   |  Li, Y   |        65        |              [('areas', 2019), ('numerical models', 2021), ('cluster analysis', 2019)]              |
|   6   |  Li, J   |        62        |                     [('cdk6', 2022), ('automation', 2019), ('effica cy', 2022)]                     |
|   7   | Wang, L  |        56        |      [('women', 2019), ('methylation', 2019), ('adaptive maternal qrs removal (aqrsr)', 2022)]      |
|   8   | Wang, J  |        56        | [('spectral clustering', 2019), ('nonnegative matrix factorization', 2019), ('glioblastoma', 2019)] |
|   9   |  Li, H   |        55        |             [('energy', 2019), ('fabrication', 2019), ('concept knowledge base', 2022)]             |
|   10  |  Liu, J  |        55        |                 [('nox emission', 2019), ('strategy', 2019), ('metabolites', 2019)]                 |
+-------+----------+------------------+-----------------------------------------------------------------------------------------------------+
#分析结果如下:
[PageRank Centrality]影响力最大的人/单位: Lin, JCW -> PageRank Centrality值: 0.11045228821438173
[Degree Centrality]影响力最大的人/单位: Antonijevic, B -> Degree Centrality值: 0.21739130434782608
[Betweenness Centrality]主要传播的人/单位: Lin, JCW -> Betweenness Centrality值: 0.08695652173913043
[Closeness Centrality]主要传播的人/单位: Antonijevic, B -> BCloseness Centrality值: 0.21739130434782608
[Innovation Times]最主要创新者/单位: Li, X -> 创新次数: 97
