nohup: ignoring input
【文件读取】
【数据预处理】
【创建网络】
#网络结构表单:(仅展示权值最大的10条边)
+-------+-------------------+----------------+--------+
| index |       Node1       |     Node2      | Weight |
+-------+-------------------+----------------+--------+
|   1   |    Djenouri, Y    |    Lin, JCW    |   20   |
|   2   |      Lin, JCW     | Srivastava, G  |   19   |
|   3   |    Nguyen, LTT    |     Vo, B      |   19   |
|   4   | Fournier-Viger, P |    Lin, JCW    |   17   |
|   5   |      Lin, JCW     |     Yun, U     |   16   |
|   6   |       Vo, B       |     Yun, U     |   13   |
|   7   |      Abdar, M     |  Acharya, UR   |   12   |
|   8   |     Baralic, K    | Dukic-Cosic, D |   11   |
|   9   |      Lin, JCW     |    Wu, JMT     |   11   |
|   10  |      Lin, WC      |    Tsai, CF    |   11   |
+-------+-------------------+----------------+--------+
【网络整体评价】
网络节点数: 48
网络边数: 54
网络密度: 0.047872340425531915
网络是否为连通图: False
【网络分析】
#页面排名中心性表格:(仅展示前十名节点的页面排名中心性)
+-------+----------------+----------------------+
| index |     Author     | PageRank Centrality  |
+-------+----------------+----------------------+
|   1   |    Lin, JCW    | 0.05620781703352126  |
|   2   |     Qiu, L     | 0.03997338656589859  |
|   3   |     Yun, U     | 0.03723778061377921  |
|   4   |    Abdar, M    | 0.030403359949615964 |
|   5   |   Shahabi, H   | 0.03040335994961596  |
|   6   |   Sitnov, MI   | 0.03040335994961596  |
|   7   |     Vo, B      | 0.028572836364450706 |
|   8   |   Baralic, K   | 0.024395398662202483 |
|   9   | Dukic-Cosic, D | 0.023663039204931447 |
|   10  | Antonijevic, B | 0.022935114093123474 |
+-------+----------------+----------------------+
#点度中心性表格:(仅展示前十名节点的点度中心性)
+-------+----------------+---------------------+
| index |     Author     |  Degree Centrality  |
+-------+----------------+---------------------+
|   1   | Antonijevic, B |  0.1276595744680851 |
|   2   |   Baralic, K   |  0.1276595744680851 |
|   3   |   Curcic, M    |  0.1276595744680851 |
|   4   | Dukic-Cosic, D |  0.1276595744680851 |
|   5   |    Lin, JCW    |  0.1276595744680851 |
|   6   | Djordjevic, AB | 0.10638297872340426 |
|   7   |     Yun, U     | 0.10638297872340426 |
|   8   | Zivancevic, K  | 0.10638297872340426 |
|   9   |    Bulat, Z    |  0.0851063829787234 |
|   10  |     Qiu, L     | 0.06382978723404255 |
+-------+----------------+---------------------+
#中间中心性表格:(仅展示前十名节点的中间中心性)
+-------+----------------+------------------------+
| index |     Author     | Betweenness Centrality |
+-------+----------------+------------------------+
|   1   |     Yun, U     |  0.034227567067530065  |
|   2   |    Lin, JCW    |  0.029139685476410732  |
|   3   |     Vo, B      |  0.016651248843663275  |
|   4   |     Qiu, L     |  0.002775208140610546  |
|   5   |    Abdar, M    | 0.0009250693802035153  |
|   6   |   Shahabi, H   | 0.0009250693802035153  |
|   7   |   Sitnov, MI   | 0.0009250693802035153  |
|   8   | Antonijevic, B | 0.00046253469010175765 |
|   9   |   Baralic, K   | 0.00046253469010175765 |
|   10  |   Curcic, M    | 0.00046253469010175765 |
+-------+----------------+------------------------+
#接近中心性表格:(仅展示前十名节点的接近中心性)
+-------+-------------------+----------------------+
| index |       Author      | Closeness Centrality |
+-------+-------------------+----------------------+
|   1   |       Yun, U      | 0.15143929912390489  |
|   2   |      Lin, JCW     |  0.1430260047281324  |
|   3   |   Antonijevic, B  |  0.1276595744680851  |
|   4   |     Baralic, K    |  0.1276595744680851  |
|   5   |     Curcic, M     |  0.1276595744680851  |
|   6   |   Dukic-Cosic, D  |  0.1276595744680851  |
|   7   | Fournier-Viger, P | 0.11702127659574468  |
|   8   |       Vo, B       | 0.11193339500462535  |
|   9   |   Djordjevic, AB  | 0.10942249240121579  |
|   10  |   Zivancevic, K   | 0.10942249240121579  |
+-------+-------------------+----------------------+
#创新者表格:(仅展示前十名创新者以及它们的三次创新内容)
+-------+----------+------------------+-----------------------------------------------------------------------------------------------------+
| index |  Author  | Innovation Times |                                          Innovation Detail                                          |
+-------+----------+------------------+-----------------------------------------------------------------------------------------------------+
|   1   |  Li, X   |        97        |        [('pattern classification', 2019), ('lung-cancer', 2019), ('chemical industry', 2021)]       |
|   2   | Wang, Y  |        81        |     [('differential evolution', 2019), ('anomaly detection', 2019), ('geometry feature', 2021)]     |
|   3   | Zhang, L |        69        |         [('crystal-structure', 2019), ('pattern discovery', 2019), ('product design', 2019)]        |
|   4   | Yang, Y  |        68        |       [('hospitals', 2019), ('respiratory disease', 2022), ('scientometrics analysis', 2022)]       |
|   5   |  Li, Y   |        65        |              [('areas', 2019), ('numerical models', 2021), ('cluster analysis', 2019)]              |
|   6   |  Li, J   |        62        |                     [('cdk6', 2022), ('automation', 2019), ('effica cy', 2022)]                     |
|   7   | Wang, L  |        56        |      [('women', 2019), ('methylation', 2019), ('adaptive maternal qrs removal (aqrsr)', 2022)]      |
|   8   | Wang, J  |        56        | [('spectral clustering', 2019), ('nonnegative matrix factorization', 2019), ('glioblastoma', 2019)] |
|   9   |  Li, H   |        55        |             [('energy', 2019), ('fabrication', 2019), ('concept knowledge base', 2022)]             |
|   10  |  Liu, J  |        55        |                 [('nox emission', 2019), ('strategy', 2019), ('metabolites', 2019)]                 |
+-------+----------+------------------+-----------------------------------------------------------------------------------------------------+
#分析结果如下:
[PageRank Centrality]影响力最大的人/单位: Lin, JCW -> PageRank Centrality值: 0.05620781703352126
[Degree Centrality]影响力最大的人/单位: Antonijevic, B -> Degree Centrality值: 0.1276595744680851
[Betweenness Centrality]主要传播的人/单位: Yun, U -> Betweenness Centrality值: 0.034227567067530065
[Closeness Centrality]主要传播的人/单位: Yun, U -> BCloseness Centrality值: 0.15143929912390489
[Innovation Times]最主要创新者/单位: Li, X -> 创新次数: 97
