nohup: ignoring input
【文件读取】
【数据预处理】
【创建网络】
#网络结构表单:(仅展示权值最大的10条边)
+-------+-------------------+----------------+--------+
| index |       Node1       |     Node2      | Weight |
+-------+-------------------+----------------+--------+
|   1   |    Djenouri, Y    |    Lin, JCW    |   20   |
|   2   |      Lin, JCW     | Srivastava, G  |   19   |
|   3   |    Nguyen, LTT    |     Vo, B      |   19   |
|   4   | Fournier-Viger, P |    Lin, JCW    |   17   |
|   5   |      Lin, JCW     |     Yun, U     |   16   |
|   6   |       Vo, B       |     Yun, U     |   13   |
|   7   |      Abdar, M     |  Acharya, UR   |   12   |
|   8   |     Baralic, K    | Dukic-Cosic, D |   11   |
|   9   |      Lin, JCW     |    Wu, JMT     |   11   |
|   10  |      Lin, WC      |    Tsai, CF    |   11   |
+-------+-------------------+----------------+--------+
【网络整体评价】
网络节点数: 573
网络边数: 687
网络密度: 0.004192142935598433
网络是否为连通图: False
【网络分析】
#页面排名中心性表格:(仅展示前十名节点的页面排名中心性)
+-------+------------+----------------------+
| index |   Author   | PageRank Centrality  |
+-------+------------+----------------------+
|   1   |  Lin, JCW  | 0.008130607063903002 |
|   2   |   Vo, B    | 0.006044820786051318 |
|   3   |   Yun, U   | 0.005214054906726014 |
|   4   |  Zhang, Y  | 0.004719622954899088 |
|   5   |  Wang, LZ  | 0.004559100029216737 |
|   6   |  Chen, W   | 0.004245302168856638 |
|   7   | Shahabi, H | 0.004238653864157917 |
|   8   |   Qiu, L   | 0.004227203291926549 |
|   9   |  Abdar, M  | 0.004224961327573901 |
|   10  |  Jiao, LC  | 0.00420035024670814  |
+-------+------------+----------------------+
#点度中心性表格:(仅展示前十名节点的点度中心性)
+-------+----------------+----------------------+
| index |     Author     |  Degree Centrality   |
+-------+----------------+----------------------+
|   1   |    Lin, JCW    | 0.03496503496503497  |
|   2   |     Vo, B      | 0.026223776223776224 |
|   3   |     Yun, U     | 0.024475524475524476 |
|   4   |     Qiu, L     | 0.019230769230769232 |
|   5   | Antonijevic, B | 0.017482517482517484 |
|   6   |   Baralic, K   | 0.017482517482517484 |
|   7   | Djordjevic, AB | 0.017482517482517484 |
|   8   | Dukic-Cosic, D | 0.017482517482517484 |
|   9   | Zivancevic, K  | 0.017482517482517484 |
|   10  |    Abdar, M    | 0.015734265734265736 |
+-------+----------------+----------------------+
#中间中心性表格:(仅展示前十名节点的中间中心性)
+-------+------------------+------------------------+
| index |      Author      | Betweenness Centrality |
+-------+------------------+------------------------+
|   1   |     Lin, JCW     | 0.0015606693365012103  |
|   2   |      Vo, B       | 0.0013524712298792856  |
|   3   |     Bui, DT      | 0.0012109169289554577  |
|   4   |      Yun, U      | 0.0007095064888409898  |
|   5   | Tiefenbacher, JP |  0.000612347372417425  |
|   6   |      Liu, J      | 0.0005449891614515083  |
|   7   | Pourghasemi, HR  | 0.0005449891614515083  |
|   8   |      Li, TR      | 0.0005327422140031597  |
|   9   |     Chen, W      | 0.0005143717928306369  |
|   10  |     Wang, LZ     | 0.0004531370555888945  |
+-------+------------------+------------------------+
#接近中心性表格:(仅展示前十名节点的接近中心性)
+-------+-------------------+----------------------+
| index |       Author      | Closeness Centrality |
+-------+-------------------+----------------------+
|   1   |      Lin, JCW     | 0.040507364975450086 |
|   2   |       Vo, B       | 0.037330316742081454 |
|   3   |       Yun, U      | 0.035921625544267054 |
|   4   |       Kim, H      | 0.031210592686002528 |
|   5   |       Ryu, T      | 0.031210592686002528 |
|   6   |       Lee, C      | 0.030707196029776673 |
|   7   |     Pedrycz, W    | 0.030707196029776673 |
|   8   | Fournier-Viger, P | 0.028846153846153848 |
|   9   |      Hong, TP     | 0.02841561423650976  |
|   10  |    Djenouri, Y    | 0.026814734561213437 |
+-------+-------------------+----------------------+
#创新者表格:(仅展示前十名创新者以及它们的三次创新内容)
+-------+----------+------------------+-----------------------------------------------------------------------------------------------------+
| index |  Author  | Innovation Times |                                          Innovation Detail                                          |
+-------+----------+------------------+-----------------------------------------------------------------------------------------------------+
|   1   |  Li, X   |        97        |        [('pattern classification', 2019), ('lung-cancer', 2019), ('chemical industry', 2021)]       |
|   2   | Wang, Y  |        81        |     [('differential evolution', 2019), ('anomaly detection', 2019), ('geometry feature', 2021)]     |
|   3   | Zhang, L |        69        |         [('crystal-structure', 2019), ('pattern discovery', 2019), ('product design', 2019)]        |
|   4   | Yang, Y  |        68        |       [('hospitals', 2019), ('respiratory disease', 2022), ('scientometrics analysis', 2022)]       |
|   5   |  Li, Y   |        65        |              [('areas', 2019), ('numerical models', 2021), ('cluster analysis', 2019)]              |
|   6   |  Li, J   |        62        |                     [('cdk6', 2022), ('automation', 2019), ('effica cy', 2022)]                     |
|   7   | Wang, L  |        56        |      [('women', 2019), ('methylation', 2019), ('adaptive maternal qrs removal (aqrsr)', 2022)]      |
|   8   | Wang, J  |        56        | [('spectral clustering', 2019), ('nonnegative matrix factorization', 2019), ('glioblastoma', 2019)] |
|   9   |  Li, H   |        55        |             [('energy', 2019), ('fabrication', 2019), ('concept knowledge base', 2022)]             |
|   10  |  Liu, J  |        55        |                 [('nox emission', 2019), ('strategy', 2019), ('metabolites', 2019)]                 |
+-------+----------+------------------+-----------------------------------------------------------------------------------------------------+
#分析结果如下:
[PageRank Centrality]影响力最大的人/单位: Lin, JCW -> PageRank Centrality值: 0.008130607063903002
[Degree Centrality]影响力最大的人/单位: Lin, JCW -> Degree Centrality值: 0.03496503496503497
[Betweenness Centrality]主要传播的人/单位: Lin, JCW -> Betweenness Centrality值: 0.0015606693365012103
[Closeness Centrality]主要传播的人/单位: Lin, JCW -> BCloseness Centrality值: 0.040507364975450086
[Innovation Times]最主要创新者/单位: Li, X -> 创新次数: 97
