nohup: ignoring input
【文件读取】
【数据预处理】
【创建网络】
#网络结构表单:(仅展示权值最大的10条边)
+-------+-------------------+----------------+--------+
| index |       Node1       |     Node2      | Weight |
+-------+-------------------+----------------+--------+
|   1   |    Djenouri, Y    |    Lin, JCW    |   20   |
|   2   |      Lin, JCW     | Srivastava, G  |   19   |
|   3   |    Nguyen, LTT    |     Vo, B      |   19   |
|   4   | Fournier-Viger, P |    Lin, JCW    |   17   |
|   5   |      Lin, JCW     |     Yun, U     |   16   |
|   6   |       Vo, B       |     Yun, U     |   13   |
|   7   |      Abdar, M     |  Acharya, UR   |   12   |
|   8   |     Baralic, K    | Dukic-Cosic, D |   11   |
|   9   |      Lin, JCW     |    Wu, JMT     |   11   |
|   10  |      Lin, WC      |    Tsai, CF    |   11   |
+-------+-------------------+----------------+--------+
【网络整体评价】
网络节点数: 268
网络边数: 297
网络密度: 0.008301190675834312
网络是否为连通图: False
【网络分析】
#页面排名中心性表格:(仅展示前十名节点的页面排名中心性)
+-------+-------------------+-----------------------+
| index |       Author      |  PageRank Centrality  |
+-------+-------------------+-----------------------+
|   1   |      Lin, JCW     |  0.016026637124146707 |
|   2   |       Yun, U      |  0.011140523116894792 |
|   3   |       Qiu, L      |  0.010592654454565326 |
|   4   |       Vo, B       |  0.009767919411975684 |
|   5   |      Zhang, Y     |  0.008507841679658358 |
|   6   |      Wang, LZ     |  0.008093852533095249 |
|   7   |     Shahabi, H    |  0.007603749392062987 |
|   8   |     Cheng, XQ     |  0.00700987568334908  |
|   9   | Fournier-Viger, P | 0.0064715940491240015 |
|   10  |      Abdar, M     |  0.006322570718350897 |
+-------+-------------------+-----------------------+
#点度中心性表格:(仅展示前十名节点的点度中心性)
+-------+-------------------+----------------------+
| index |       Author      |  Degree Centrality   |
+-------+-------------------+----------------------+
|   1   |      Lin, JCW     |  0.0599250936329588  |
|   2   |       Yun, U      |  0.0449438202247191  |
|   3   |       Vo, B       | 0.03745318352059925  |
|   4   |     Baralic, K    | 0.033707865168539325 |
|   5   |   Dukic-Cosic, D  | 0.033707865168539325 |
|   6   |       Qiu, L      | 0.033707865168539325 |
|   7   |   Antonijevic, B  |  0.0299625468164794  |
|   8   |      Bulat, Z     |  0.0299625468164794  |
|   9   |     Curcic, M     |  0.0299625468164794  |
|   10  | Fournier-Viger, P |  0.0299625468164794  |
+-------+-------------------+----------------------+
#中间中心性表格:(仅展示前十名节点的中间中心性)
+-------+-------------------+------------------------+
| index |       Author      | Betweenness Centrality |
+-------+-------------------+------------------------+
|   1   |      Lin, JCW     |  0.005473890719307633  |
|   2   |       Yun, U      |  0.003573071254916317  |
|   3   |       Vo, B       | 0.0030919996620765396  |
|   4   | Fournier-Viger, P | 0.0014915566068729872  |
|   5   |       Le, T       | 0.0007603277857565261  |
|   6   |       Qiu, L      | 0.0007415542601822909  |
|   7   |     Truong, T     | 0.00032290463987684573 |
|   8   |     Cheng, XQ     | 0.0003050697905813222  |
|   9   |      Wang, LZ     | 0.0002534425952521754  |
|   10  |      Zhang, Y     | 0.0002534425952521754  |
+-------+-------------------+------------------------+
#接近中心性表格:(仅展示前十名节点的接近中心性)
+-------+-------------------+----------------------+
| index |       Author      | Closeness Centrality |
+-------+-------------------+----------------------+
|   1   |      Lin, JCW     |  0.0716177948296337  |
|   2   |       Yun, U      | 0.06525176862255515  |
|   3   |       Vo, B       | 0.061173533083645454 |
|   4   | Fournier-Viger, P | 0.05540244505688644  |
|   5   |       Ryu, T      | 0.05540244505688644  |
|   6   |       Kim, H      | 0.054376473852129285 |
|   7   |       Lee, C      | 0.04893882646691636  |
|   8   |      Hong, TP     | 0.04813655062319642  |
|   9   |      Chao, HC     | 0.04736015464540293  |
|   10  |      Gan, WS      | 0.04736015464540293  |
+-------+-------------------+----------------------+
#创新者表格:(仅展示前十名创新者以及它们的三次创新内容)
+-------+----------+------------------+-----------------------------------------------------------------------------------------------------+
| index |  Author  | Innovation Times |                                          Innovation Detail                                          |
+-------+----------+------------------+-----------------------------------------------------------------------------------------------------+
|   1   |  Li, X   |        97        |        [('pattern classification', 2019), ('lung-cancer', 2019), ('chemical industry', 2021)]       |
|   2   | Wang, Y  |        81        |     [('differential evolution', 2019), ('anomaly detection', 2019), ('geometry feature', 2021)]     |
|   3   | Zhang, L |        69        |         [('crystal-structure', 2019), ('pattern discovery', 2019), ('product design', 2019)]        |
|   4   | Yang, Y  |        68        |       [('hospitals', 2019), ('respiratory disease', 2022), ('scientometrics analysis', 2022)]       |
|   5   |  Li, Y   |        65        |              [('areas', 2019), ('numerical models', 2021), ('cluster analysis', 2019)]              |
|   6   |  Li, J   |        62        |                     [('cdk6', 2022), ('automation', 2019), ('effica cy', 2022)]                     |
|   7   | Wang, L  |        56        |      [('women', 2019), ('methylation', 2019), ('adaptive maternal qrs removal (aqrsr)', 2022)]      |
|   8   | Wang, J  |        56        | [('spectral clustering', 2019), ('nonnegative matrix factorization', 2019), ('glioblastoma', 2019)] |
|   9   |  Li, H   |        55        |             [('energy', 2019), ('fabrication', 2019), ('concept knowledge base', 2022)]             |
|   10  |  Liu, J  |        55        |                 [('nox emission', 2019), ('strategy', 2019), ('metabolites', 2019)]                 |
+-------+----------+------------------+-----------------------------------------------------------------------------------------------------+
#分析结果如下:
[PageRank Centrality]影响力最大的人/单位: Lin, JCW -> PageRank Centrality值: 0.016026637124146707
[Degree Centrality]影响力最大的人/单位: Lin, JCW -> Degree Centrality值: 0.0599250936329588
[Betweenness Centrality]主要传播的人/单位: Lin, JCW -> Betweenness Centrality值: 0.005473890719307633
[Closeness Centrality]主要传播的人/单位: Lin, JCW -> BCloseness Centrality值: 0.0716177948296337
[Innovation Times]最主要创新者/单位: Li, X -> 创新次数: 97
