nohup: ignoring input
【文件读取】
【数据预处理】
【创建网络】
#网络结构表单:(仅展示权值最大的10条边)
+-------+-------------------+----------------+--------+
| index |       Node1       |     Node2      | Weight |
+-------+-------------------+----------------+--------+
|   1   |    Djenouri, Y    |    Lin, JCW    |   20   |
|   2   |      Lin, JCW     | Srivastava, G  |   19   |
|   3   |    Nguyen, LTT    |     Vo, B      |   19   |
|   4   | Fournier-Viger, P |    Lin, JCW    |   17   |
|   5   |      Lin, JCW     |     Yun, U     |   16   |
|   6   |       Vo, B       |     Yun, U     |   13   |
|   7   |      Abdar, M     |  Acharya, UR   |   12   |
|   8   |     Baralic, K    | Dukic-Cosic, D |   11   |
|   9   |      Lin, JCW     |    Wu, JMT     |   11   |
|   10  |      Lin, WC      |    Tsai, CF    |   11   |
+-------+-------------------+----------------+--------+
【网络整体评价】
网络节点数: 1449
网络边数: 2025
网络密度: 0.0019302700662297107
网络是否为连通图: False
【网络分析】
#页面排名中心性表格:(仅展示前十名节点的页面排名中心性)
+-------+-------------+-----------------------+
| index |    Author   |  PageRank Centrality  |
+-------+-------------+-----------------------+
|   1   |   Lin, JCW  |  0.004500645931156013 |
|   2   |   Zhang, Y  | 0.0035150083416819744 |
|   3   |   Chen, W   |  0.002935865569342405 |
|   4   |   Wang, LZ  | 0.0027527238472301653 |
|   5   |   Wang, Y   | 0.0027140467407079753 |
|   6   | Khosravi, K | 0.0027063190163425974 |
|   7   |   Jiao, LC  | 0.0026574103106737196 |
|   8   |    Vo, B    | 0.0026359758351727305 |
|   9   |   Chen, G   | 0.0025647995117501756 |
|   10  |    Liu, J   |  0.002491558140482741 |
+-------+-------------+-----------------------+
#点度中心性表格:(仅展示前十名节点的点度中心性)
+-------+-------------+----------------------+
| index |    Author   |  Degree Centrality   |
+-------+-------------+----------------------+
|   1   |   Lin, JCW  | 0.018646408839779006 |
|   2   |   Chen, W   | 0.014502762430939226 |
|   3   |   Wang, Y   | 0.014502762430939226 |
|   4   |   Zhang, Y  | 0.013121546961325966 |
|   5   |    Vo, B    | 0.012430939226519336 |
|   6   | Khosravi, K | 0.010359116022099447 |
|   7   |    Liu, J   | 0.010359116022099447 |
|   8   |   Wang, J   | 0.010359116022099447 |
|   9   |   Bui, DT   | 0.009668508287292817 |
|   10  |    Li, J    | 0.009668508287292817 |
+-------+-------------+----------------------+
#中间中心性表格:(仅展示前十名节点的中间中心性)
+-------+-------------------+------------------------+
| index |       Author      | Betweenness Centrality |
+-------+-------------------+------------------------+
|   1   |      Wang, Y      |  0.04002972383690539   |
|   2   |       Liu, J      |  0.03158093012659713   |
|   3   |      Wang, J      |  0.02918080972762594   |
|   4   |       Li, J       |  0.020865167152207962  |
|   5   |      Huang, Y     |  0.019544151168162747  |
|   6   |     Tseng, VS     |  0.019304562306467564  |
|   7   | Fournier-Viger, P |  0.016296513011616137  |
|   8   |      Chen, W      |  0.01377969175040261   |
|   9   |      Zhang, Y     |  0.011961759144967289  |
|   10  |      Yin, YC      |  0.009099269969874806  |
+-------+-------------------+------------------------+
#接近中心性表格:(仅展示前十名节点的接近中心性)
+-------+----------+----------------------+
| index |  Author  | Closeness Centrality |
+-------+----------+----------------------+
|   1   | Wang, Y  | 0.06915655818729358  |
|   2   | Wang, J  | 0.06788547100481779  |
|   3   |  Li, J   | 0.06396648935604704  |
|   4   | Zhang, Y | 0.062133181872945385 |
|   5   |  Liu, J  | 0.061710245610196376 |
|   6   |  Li, Y   | 0.05845472268820477  |
|   7   | Chen, W  | 0.05814796321054073  |
|   8   |  Liu, Y  | 0.05744456042976805  |
|   9   | Hong, HY | 0.05685504954736451  |
|   10  |  Wu, B   | 0.05685504954736451  |
+-------+----------+----------------------+
#创新者表格:(仅展示前十名创新者以及它们的三次创新内容)
+-------+----------+------------------+-----------------------------------------------------------------------------------------------------+
| index |  Author  | Innovation Times |                                          Innovation Detail                                          |
+-------+----------+------------------+-----------------------------------------------------------------------------------------------------+
|   1   |  Li, X   |        97        |        [('pattern classification', 2019), ('lung-cancer', 2019), ('chemical industry', 2021)]       |
|   2   | Wang, Y  |        81        |     [('differential evolution', 2019), ('anomaly detection', 2019), ('geometry feature', 2021)]     |
|   3   | Zhang, L |        69        |         [('crystal-structure', 2019), ('pattern discovery', 2019), ('product design', 2019)]        |
|   4   | Yang, Y  |        68        |       [('hospitals', 2019), ('respiratory disease', 2022), ('scientometrics analysis', 2022)]       |
|   5   |  Li, Y   |        65        |              [('areas', 2019), ('numerical models', 2021), ('cluster analysis', 2019)]              |
|   6   |  Li, J   |        62        |                     [('cdk6', 2022), ('automation', 2019), ('effica cy', 2022)]                     |
|   7   | Wang, L  |        56        |      [('women', 2019), ('methylation', 2019), ('adaptive maternal qrs removal (aqrsr)', 2022)]      |
|   8   | Wang, J  |        56        | [('spectral clustering', 2019), ('nonnegative matrix factorization', 2019), ('glioblastoma', 2019)] |
|   9   |  Li, H   |        55        |             [('energy', 2019), ('fabrication', 2019), ('concept knowledge base', 2022)]             |
|   10  |  Liu, J  |        55        |                 [('nox emission', 2019), ('strategy', 2019), ('metabolites', 2019)]                 |
+-------+----------+------------------+-----------------------------------------------------------------------------------------------------+
#分析结果如下:
[PageRank Centrality]影响力最大的人/单位: Lin, JCW -> PageRank Centrality值: 0.004500645931156013
[Degree Centrality]影响力最大的人/单位: Lin, JCW -> Degree Centrality值: 0.018646408839779006
[Betweenness Centrality]主要传播的人/单位: Wang, Y -> Betweenness Centrality值: 0.04002972383690539
[Closeness Centrality]主要传播的人/单位: Wang, Y -> BCloseness Centrality值: 0.06915655818729358
[Innovation Times]最主要创新者/单位: Li, X -> 创新次数: 97
