nohup: ignoring input
【文件读取】
【数据预处理】
【创建网络】
#网络结构表单:(仅展示权值最大的10条边)
+-------+-------------------+----------------+--------+
| index |       Node1       |     Node2      | Weight |
+-------+-------------------+----------------+--------+
|   1   |    Djenouri, Y    |    Lin, JCW    |   20   |
|   2   |      Lin, JCW     | Srivastava, G  |   19   |
|   3   |    Nguyen, LTT    |     Vo, B      |   19   |
|   4   | Fournier-Viger, P |    Lin, JCW    |   17   |
|   5   |      Lin, JCW     |     Yun, U     |   16   |
|   6   |       Vo, B       |     Yun, U     |   13   |
|   7   |      Abdar, M     |  Acharya, UR   |   12   |
|   8   |     Baralic, K    | Dukic-Cosic, D |   11   |
|   9   |      Lin, JCW     |    Wu, JMT     |   11   |
|   10  |      Lin, WC      |    Tsai, CF    |   11   |
+-------+-------------------+----------------+--------+
【网络整体评价】
网络节点数: 22
网络边数: 18
网络密度: 0.07792207792207792
网络是否为连通图: False
【网络分析】
#页面排名中心性表格:(仅展示前十名节点的页面排名中心性)
+-------+----------------+----------------------+
| index |     Author     | PageRank Centrality  |
+-------+----------------+----------------------+
|   1   |    Lin, JCW    | 0.12243236034349884  |
|   2   |   Baralic, K   | 0.09470760113531675  |
|   3   | Dukic-Cosic, D | 0.05658051771671975  |
|   4   |     Vo, B      | 0.05200994980704718  |
|   5   |    Abdar, M    | 0.045454545454545456 |
|   6   |  Acharya, UR   | 0.045454545454545456 |
|   7   |   Cheng, XQ    | 0.045454545454545456 |
|   8   |    Lin, WC     | 0.045454545454545456 |
|   9   |     Qiu, L     | 0.045454545454545456 |
|   10  |   Shahabi, H   | 0.045454545454545456 |
+-------+----------------+----------------------+
#点度中心性表格:(仅展示前十名节点的点度中心性)
+-------+----------------+----------------------+
| index |     Author     |  Degree Centrality   |
+-------+----------------+----------------------+
|   1   |   Baralic, K   | 0.23809523809523808  |
|   2   |    Lin, JCW    | 0.23809523809523808  |
|   3   | Dukic-Cosic, D | 0.14285714285714285  |
|   4   | Antonijevic, B | 0.09523809523809523  |
|   5   |     Vo, B      | 0.09523809523809523  |
|   6   |     Yun, U     | 0.09523809523809523  |
|   7   | Zivancevic, K  | 0.09523809523809523  |
|   8   |    Abdar, M    | 0.047619047619047616 |
|   9   |  Acharya, UR   | 0.047619047619047616 |
|   10  |   Cheng, XQ    | 0.047619047619047616 |
+-------+----------------+----------------------+
#中间中心性表格:(仅展示前十名节点的中间中心性)
+-------+----------------+------------------------+
| index |     Author     | Betweenness Centrality |
+-------+----------------+------------------------+
|   1   |    Lin, JCW    |  0.08571428571428572   |
|   2   |     Yun, U     |  0.04761904761904762   |
|   3   |   Baralic, K   |  0.03571428571428572   |
|   4   |     Vo, B      |  0.028571428571428574  |
|   5   | Dukic-Cosic, D |  0.002380952380952381  |
|   6   |    Abdar, M    |          0.0           |
|   7   |  Acharya, UR   |          0.0           |
|   8   | Antonijevic, B |          0.0           |
|   9   |   Cheng, XQ    |          0.0           |
|   10  |   Curcic, M    |          0.0           |
+-------+----------------+------------------------+
#接近中心性表格:(仅展示前十名节点的接近中心性)
+-------+-------------------+----------------------+
| index |       Author      | Closeness Centrality |
+-------+-------------------+----------------------+
|   1   |     Baralic, K    | 0.23809523809523808  |
|   2   |      Lin, JCW     |  0.2333333333333333  |
|   3   |       Yun, U      | 0.19444444444444445  |
|   4   |   Dukic-Cosic, D  | 0.17006802721088435  |
|   5   |   Antonijevic, B  |  0.1488095238095238  |
|   6   |   Zivancevic, K   |  0.1488095238095238  |
|   7   |    Djenouri, Y    | 0.14583333333333331  |
|   8   | Fournier-Viger, P | 0.14583333333333331  |
|   9   |   Srivastava, G   | 0.14583333333333331  |
|   10  |       Vo, B       | 0.14583333333333331  |
+-------+-------------------+----------------------+
#创新者表格:(仅展示前十名创新者以及它们的三次创新内容)
+-------+----------+------------------+-----------------------------------------------------------------------------------------------------+
| index |  Author  | Innovation Times |                                          Innovation Detail                                          |
+-------+----------+------------------+-----------------------------------------------------------------------------------------------------+
|   1   |  Li, X   |        97        |        [('pattern classification', 2019), ('lung-cancer', 2019), ('chemical industry', 2021)]       |
|   2   | Wang, Y  |        81        |     [('differential evolution', 2019), ('anomaly detection', 2019), ('geometry feature', 2021)]     |
|   3   | Zhang, L |        69        |         [('crystal-structure', 2019), ('pattern discovery', 2019), ('product design', 2019)]        |
|   4   | Yang, Y  |        68        |       [('hospitals', 2019), ('respiratory disease', 2022), ('scientometrics analysis', 2022)]       |
|   5   |  Li, Y   |        65        |              [('areas', 2019), ('numerical models', 2021), ('cluster analysis', 2019)]              |
|   6   |  Li, J   |        62        |                     [('cdk6', 2022), ('automation', 2019), ('effica cy', 2022)]                     |
|   7   | Wang, L  |        56        |      [('women', 2019), ('methylation', 2019), ('adaptive maternal qrs removal (aqrsr)', 2022)]      |
|   8   | Wang, J  |        56        | [('spectral clustering', 2019), ('nonnegative matrix factorization', 2019), ('glioblastoma', 2019)] |
|   9   |  Li, H   |        55        |             [('energy', 2019), ('fabrication', 2019), ('concept knowledge base', 2022)]             |
|   10  |  Liu, J  |        55        |                 [('nox emission', 2019), ('strategy', 2019), ('metabolites', 2019)]                 |
+-------+----------+------------------+-----------------------------------------------------------------------------------------------------+
#分析结果如下:
[PageRank Centrality]影响力最大的人/单位: Lin, JCW -> PageRank Centrality值: 0.12243236034349884
[Degree Centrality]影响力最大的人/单位: Baralic, K -> Degree Centrality值: 0.23809523809523808
[Betweenness Centrality]主要传播的人/单位: Lin, JCW -> Betweenness Centrality值: 0.08571428571428572
[Closeness Centrality]主要传播的人/单位: Baralic, K -> BCloseness Centrality值: 0.23809523809523808
[Innovation Times]最主要创新者/单位: Li, X -> 创新次数: 97
